<?xml version="1.0" encoding="UTF-8"?>
<!-- Generated by org.testng.reporters.JUnitReportReporter -->
<testsuite hostname="DESKTOP-TR155PG" failures="0" tests="1" name="testScripts.FirstTest" time="5.657" errors="0" timestamp="2023-02-09T11:36:19 IST" skipped="0">
  <testcase classname="testScripts.FirstTest" name="firstTest" time="5.657"/>
  <system-out/>
</testsuite> <!-- testScripts.FirstTest -->
